{
  "stats": {
    "suites": 0,
    "tests": 2,
    "passes": 2,
    "pending": 0,
    "failures": 0,
    "start": "2023-08-27T10:54:29.792Z",
    "end": "2023-08-27T10:54:38.701Z",
    "duration": 8909,
    "testsRegistered": 2,
    "passPercent": 100,
    "pendingPercent": 0,
    "other": 0,
    "hasOther": false,
    "skipped": 0,
    "hasSkipped": false
  },
  "results": [
    {
      "uuid": "a808c488-0397-4551-b9a9-42d8c3cad06f",
      "title": "",
      "fullFile": "cypress/integration/checkout.ts",
      "file": "cypress/integration/checkout.ts",
      "beforeHooks": [],
      "afterHooks": [],
      "tests": [
        {
          "title": "Complete Checkout Information",
          "fullTitle": "Complete Checkout Information",
          "timedOut": null,
          "duration": 4482,
          "state": "passed",
          "speed": "fast",
          "pass": true,
          "fail": false,
          "pending": false,
          "context": null,
          "code": "loginPage.login(URL, 'standard_user', 'secret_sauce');\ninventoryPage.checkoutComplete('Mumti', 'Farisa', '15416');\ninventoryPage.assertCheckoutComplete();",
          "err": {},
          "uuid": "f3a7bcf4-7cfa-4fa6-a611-f123b16d9f78",
          "parentUUID": "a808c488-0397-4551-b9a9-42d8c3cad06f",
          "isHook": false,
          "skipped": false
        },
        {
          "title": "Do Not Complete Checkout Information",
          "fullTitle": "Do Not Complete Checkout Information",
          "timedOut": null,
          "duration": 1997,
          "state": "passed",
          "speed": "fast",
          "pass": true,
          "fail": false,
          "pending": false,
          "context": null,
          "code": "loginPage.login(URL, 'standard_user', 'secret_sauce');\ninventoryPage.checkoutNotComplete('Farisa', '15416');\ninventoryPage.assertCheckoutNotComplete();",
          "err": {},
          "uuid": "7a4cb731-6116-481f-ab47-162ec42444d9",
          "parentUUID": "a808c488-0397-4551-b9a9-42d8c3cad06f",
          "isHook": false,
          "skipped": false
        }
      ],
      "suites": [],
      "passes": [
        "f3a7bcf4-7cfa-4fa6-a611-f123b16d9f78",
        "7a4cb731-6116-481f-ab47-162ec42444d9"
      ],
      "failures": [],
      "pending": [],
      "skipped": [],
      "duration": 6479,
      "root": true,
      "rootEmpty": false,
      "_timeout": 2000
    }
  ],
  "meta": {
    "mocha": {
      "version": "7.0.1"
    },
    "mochawesome": {
      "options": {
        "quiet": false,
        "reportFilename": "mochawesome",
        "saveHtml": false,
        "saveJson": true,
        "consoleReporter": "spec",
        "useInlineDiffs": false,
        "code": true
      },
      "version": "7.1.3"
    },
    "marge": {
      "options": {
        "chart": true,
        "overwrite": false,
        "html": false,
        "json": true,
        "reportDir": "cypress/reports"
      },
      "version": "6.2.0"
    }
  }
}